
===Session started at Thu Jan  3 00:58:32 2013===
Thu Jan  3 00:58:36 2013 /home/bogdan/Dropbox/IsKernel/Perl/VirusScanner/Antivirus/Com/IsKernel/Apps/Antivirus/TestEnvironment/f1d1/badguy.txt was disinfected successfully
Thu Jan  3 00:58:37 2013 /home/bogdan/Dropbox/IsKernel/Perl/VirusScanner/Antivirus/Com/IsKernel/Apps/Antivirus/TestEnvironment/f1d1/f1d2/russianmirror.exe was quarantined from system
Thu Jan  3 00:58:39 2013 /home/bogdan/Dropbox/IsKernel/Perl/VirusScanner/Antivirus/Com/IsKernel/Apps/Antivirus/TestEnvironment/f1d1/f1d2/f1d3/simplex.txt was deleted from system
Thu Jan  3 00:58:40 2013 /home/bogdan/Dropbox/IsKernel/Perl/VirusScanner/Antivirus/Com/IsKernel/Apps/Antivirus/TestEnvironment/f1d1/f1d2/f1d3/f1d4/abraxas.exe was disinfected successfully
Thu Jan  3 00:58:41 2013 /home/bogdan/Dropbox/IsKernel/Perl/VirusScanner/Antivirus/Com/IsKernel/Apps/Antivirus/TestEnvironment/f2d1/f2d2/trivial.exe was disinfected successfully
Thu Jan  3 00:58:43 2013 /home/bogdan/Dropbox/IsKernel/Perl/VirusScanner/Antivirus/Com/IsKernel/Apps/Antivirus/TestEnvironment/f2d1/f2d2/multi.exe was deleted from system
===Session ended at Thu Jan  3 00:58:44 2013===
===Session started at Thu Jan  3 01:04:13 2013===
===Session started at Thu Jan  3 01:04:41 2013===
===Session ended at Thu Jan  3 01:05:03 2013===
===Session started at Thu Jan  3 01:33:17 2013===
===Session ended at Thu Jan  3 01:33:23 2013===
===Session started at Thu Jan  3 01:34:18 2013===
===Session ended at Thu Jan  3 01:34:20 2013===
===Session started at Thu Jan  3 01:35:04 2013===
===Session ended at Thu Jan  3 01:35:09 2013===
===Session started at Thu Jan  3 01:35:29 2013===
===Session started at Thu Jan  3 01:36:10 2013===
===Session started at Thu Jan  3 01:37:51 2013===
Thu Jan  3 01:43:04 2013 /home/bogdan/Dropbox/IsKernel/Perl/VirusScanner/.metadata/.plugins/org.eclipse.core.resources/.history/b0/70c45f72dc5100121cc2cad0abf1684e was deleted from system
Thu Jan  3 01:43:28 2013 /home/bogdan/Dropbox/IsKernel/Perl/VirusScanner/.metadata/.plugins/org.eclipse.core.resources/.history/fe/c0fbb311fd5100121cc2cad0abf1684e was deleted from system
Thu Jan  3 01:43:34 2013 /home/bogdan/Dropbox/IsKernel/Perl/VirusScanner/.metadata/.plugins/org.eclipse.core.resources/.history/94/90a73716db5100121cc2cad0abf1684e was deleted from system
Thu Jan  3 01:43:42 2013 /home/bogdan/Dropbox/IsKernel/Perl/VirusScanner/.metadata/.plugins/org.eclipse.core.resources/.history/86/c06b023ddc5100121cc2cad0abf1684e was deleted from system
Thu Jan  3 01:43:44 2013 /home/bogdan/Dropbox/IsKernel/Perl/VirusScanner/.metadata/.plugins/org.eclipse.core.resources/.history/eb/c0da6a09e35100121cc2cad0abf1684e was deleted from system
Thu Jan  3 01:43:50 2013 /home/bogdan/Dropbox/IsKernel/Perl/VirusScanner/.metadata/.plugins/org.eclipse.core.resources/.history/3/105a510cfd5100121cc2cad0abf1684e was deleted from system
Thu Jan  3 01:43:56 2013 /home/bogdan/Dropbox/IsKernel/Perl/VirusScanner/.metadata/.plugins/org.eclipse.core.resources/.history/d2/e0248d9ae85100121cc2cad0abf1684e was deleted from system
Thu Jan  3 01:44:08 2013 /home/bogdan/Dropbox/IsKernel/Perl/VirusScanner/.metadata/.plugins/org.eclipse.core.resources/.history/22/109a8d9ae85100121cc2cad0abf1684e was deleted from system
Thu Jan  3 01:44:25 2013 /home/bogdan/Dropbox/IsKernel/Perl/VirusScanner/.metadata/.plugins/org.eclipse.core.resources/.history/c2/20ddfc68115200121415ec0d54691cc3 was deleted from system
Thu Jan  3 01:44:30 2013 /home/bogdan/Dropbox/IsKernel/Perl/VirusScanner/.metadata/.plugins/org.eclipse.core.resources/.history/88/701dc492db5100121cc2cad0abf1684e was deleted from system
Thu Jan  3 01:44:39 2013 /home/bogdan/Dropbox/IsKernel/Perl/VirusScanner/.metadata/.plugins/org.eclipse.core.resources/.history/d9/d02a103afd5100121cc2cad0abf1684e was deleted from system
Thu Jan  3 01:44:46 2013 /home/bogdan/Dropbox/IsKernel/Perl/VirusScanner/.metadata/.plugins/org.eclipse.core.resources/.history/50/40a5b711fd5100121cc2cad0abf1684e was deleted from system
Thu Jan  3 01:44:52 2013 /home/bogdan/Dropbox/IsKernel/Perl/VirusScanner/.metadata/.plugins/org.eclipse.core.resources/.history/80/7052970efd5100121cc2cad0abf1684e was deleted from system
Thu Jan  3 01:45:03 2013 /home/bogdan/Dropbox/IsKernel/Perl/VirusScanner/.metadata/.plugins/org.eclipse.core.resources/.history/8e/e0734e0cfd5100121cc2cad0abf1684e was deleted from system
Thu Jan  3 01:45:06 2013 /home/bogdan/Dropbox/IsKernel/Perl/VirusScanner/.metadata/.plugins/org.eclipse.core.resources/.history/8e/505bb511fd5100121cc2cad0abf1684e was deleted from system
Thu Jan  3 01:45:10 2013 /home/bogdan/Dropbox/IsKernel/Perl/VirusScanner/.metadata/.plugins/org.eclipse.core.resources/.history/3c/80fa4f0cfd5100121cc2cad0abf1684e was deleted from system
Thu Jan  3 01:45:12 2013 /home/bogdan/Dropbox/IsKernel/Perl/VirusScanner/.metadata/.plugins/org.eclipse.core.resources/.history/3c/20c36accdc5100121cc2cad0abf1684e was deleted from system
Thu Jan  3 01:45:18 2013 /home/bogdan/Dropbox/IsKernel/Perl/VirusScanner/.metadata/.plugins/org.eclipse.core.resources/.history/67/a03c9b34dc5100121cc2cad0abf1684e was deleted from system
Thu Jan  3 01:45:31 2013 /home/bogdan/Dropbox/IsKernel/Perl/VirusScanner/Antivirus/Com/IsKernel/Apps/Antivirus/TestEnvironment/f1d1/badguy.txt was disinfected successfully
Thu Jan  3 01:45:33 2013 /home/bogdan/Dropbox/IsKernel/Perl/VirusScanner/Antivirus/Com/IsKernel/Apps/Antivirus/TestEnvironment/f1d1/f1d2/f1d3/f1d4/abraxas.exe was disinfected successfully
Thu Jan  3 01:45:33 2013 /home/bogdan/Dropbox/IsKernel/Perl/VirusScanner/Antivirus/Com/IsKernel/Apps/Antivirus/TestEnvironment/f2d1/f2d2/trivial.exe was disinfected successfully
===Session ended at Thu Jan  3 01:46:00 2013===
===Session started at Thu Jan  3 03:09:41 2013===
===Session ended at Thu Jan  3 03:09:49 2013===
===Session started at Thu Jan  3 03:15:04 2013===
Thu Jan  3 03:15:08 2013 /home/bogdan/Dropbox/IsKernel/Perl/VirusScanner/Antivirus/Com/IsKernel/Apps/Antivirus/TestEnvironment/f1d1/badguy.txt was quarantined from system
Thu Jan  3 03:15:09 2013 /home/bogdan/Dropbox/IsKernel/Perl/VirusScanner/Antivirus/Com/IsKernel/Apps/Antivirus/TestEnvironment/f1d1/f1d2/f1d3/f1d4/abraxas.exe was quarantined from system
Thu Jan  3 03:15:11 2013 /home/bogdan/Dropbox/IsKernel/Perl/VirusScanner/Antivirus/Com/IsKernel/Apps/Antivirus/TestEnvironment/f2d1/f2d2/trivial.exe was quarantined from system
===Session ended at Thu Jan  3 03:15:46 2013===
===Session started at Thu Jan  3 03:25:18 2013===
===Session ended at Thu Jan  3 03:25:25 2013===
===Session started at Thu Jan  3 03:35:01 2013===
===Session started at Thu Jan  3 04:06:21 2013===
===Session ended at Thu Jan  3 04:06:36 2013===
===Session started at Thu Jan  3 04:07:17 2013===
===Session ended at Thu Jan  3 04:08:05 2013===
===Session started at Thu Jan  3 04:08:38 2013===
===Session ended at Thu Jan  3 04:09:17 2013===
===Session started at Thu Jan  3 04:30:27 2013===
===Session ended at Thu Jan  3 04:30:34 2013===
===Session started at Thu Jan  3 04:37:46 2013===
Thu Jan  3 04:37:53 2013 /home/bogdan/Dropbox/IsKernel/Perl/VirusScanner/Antivirus/Com/IsKernel/Apps/Antivirus/TestEnvironment/f1d1/badguy.txt was quarantined from system
Thu Jan  3 04:37:58 2013 /home/bogdan/Dropbox/IsKernel/Perl/VirusScanner/Antivirus/Com/IsKernel/Apps/Antivirus/TestEnvironment/f1d1/f1d2/russianmirror.exe was quarantined from system
Thu Jan  3 04:38:00 2013 /home/bogdan/Dropbox/IsKernel/Perl/VirusScanner/Antivirus/Com/IsKernel/Apps/Antivirus/TestEnvironment/f1d1/f1d2/f1d3/simplex.txt was quarantined from system
Thu Jan  3 04:38:04 2013 /home/bogdan/Dropbox/IsKernel/Perl/VirusScanner/Antivirus/Com/IsKernel/Apps/Antivirus/TestEnvironment/f1d1/f1d2/f1d3/f1d4/abraxas.exe was quarantined from system
Thu Jan  3 04:38:09 2013 /home/bogdan/Dropbox/IsKernel/Perl/VirusScanner/Antivirus/Com/IsKernel/Apps/Antivirus/TestEnvironment/f2d1/f2d2/trivial.exe was quarantined from system
Thu Jan  3 04:38:13 2013 /home/bogdan/Dropbox/IsKernel/Perl/VirusScanner/Antivirus/Com/IsKernel/Apps/Antivirus/TestEnvironment/f2d1/f2d2/multi.exe was quarantined from system
===Session ended at Thu Jan  3 04:38:31 2013===
===Session started at Thu Jan  3 04:42:52 2013===
===Session started at Thu Jan  3 04:44:41 2013===
===Session started at Thu Jan  3 04:45:15 2013===
Thu Jan  3 04:45:20 2013 /home/bogdan/Dropbox/IsKernel/Perl/VirusScanner/Antivirus/Com/IsKernel/Apps/Antivirus/Quarantine/qlog.txt was restored successfully
===Session started at Thu Jan  3 04:52:20 2013===
===Session ended at Thu Jan  3 04:52:22 2013===
===Session started at Thu Jan  3 05:02:10 2013===
Thu Jan  3 05:02:17 2013 /home/bogdan/Dropbox/IsKernel/Perl/VirusScanner/Antivirus/Com/IsKernel/Apps/Antivirus/Quarantine/qlog.txt was restored successfully
===Session ended at Thu Jan  3 05:02:30 2013===
===Session started at Thu Jan  3 05:37:35 2013===
Thu Jan  3 05:37:40 2013 /home/bogdan/Dropbox/IsKernel/Perl/VirusScanner/Antivirus/Com/IsKernel/Apps/Antivirus/Quarantine/qlog.txt was restored successfully
===Session started at Thu Jan  3 05:38:21 2013===
Thu Jan  3 05:38:26 2013 /home/bogdan/Dropbox/IsKernel/Perl/VirusScanner/Antivirus/Com/IsKernel/Apps/Antivirus/Quarantine/qlog.txt was restored successfully
===Session ended at Thu Jan  3 05:39:09 2013===
===Session started at Thu Jan  3 05:40:01 2013===
Thu Jan  3 05:40:07 2013 /home/bogdan/Dropbox/IsKernel/Perl/VirusScanner/Antivirus/Com/IsKernel/Apps/Antivirus/Quarantine/qlog.txt was restored successfully
===Session ended at Thu Jan  3 05:40:51 2013===
===Session started at Thu Jan  3 05:43:22 2013===
Thu Jan  3 05:43:28 2013 /home/bogdan/Dropbox/IsKernel/Perl/VirusScanner/Antivirus/Com/IsKernel/Apps/Antivirus/Quarantine/qlog.txt was restored successfully
===Session ended at Thu Jan  3 05:43:59 2013===
===Session started at Thu Jan  3 05:44:54 2013===
Thu Jan  3 05:44:57 2013 /home/bogdan/Dropbox/IsKernel/Perl/VirusScanner/Antivirus/Com/IsKernel/Apps/Antivirus/TestEnvironment/f1d1/badguy.txt was quarantined from system
===Session started at Thu Jan  3 05:45:28 2013===
===Session ended at Thu Jan  3 05:45:37 2013===
===Session started at Thu Jan  3 05:46:04 2013===
Thu Jan  3 05:46:08 2013 /home/bogdan/Dropbox/IsKernel/Perl/VirusScanner/Antivirus/Com/IsKernel/Apps/Antivirus/TestEnvironment/f1d1/badguy.txt was quarantined from system
Thu Jan  3 05:46:09 2013 /home/bogdan/Dropbox/IsKernel/Perl/VirusScanner/Antivirus/Com/IsKernel/Apps/Antivirus/TestEnvironment/f1d1/f1d2/russianmirror.exe was quarantined from system
Thu Jan  3 05:46:09 2013 /home/bogdan/Dropbox/IsKernel/Perl/VirusScanner/Antivirus/Com/IsKernel/Apps/Antivirus/TestEnvironment/f1d1/f1d2/f1d3/simplex.txt was quarantined from system
Thu Jan  3 05:46:10 2013 /home/bogdan/Dropbox/IsKernel/Perl/VirusScanner/Antivirus/Com/IsKernel/Apps/Antivirus/TestEnvironment/f1d1/f1d2/f1d3/f1d4/abraxas.exe was quarantined from system
Thu Jan  3 05:46:11 2013 /home/bogdan/Dropbox/IsKernel/Perl/VirusScanner/Antivirus/Com/IsKernel/Apps/Antivirus/TestEnvironment/f2d1/f2d2/trivial.exe was quarantined from system
Thu Jan  3 05:46:13 2013 /home/bogdan/Dropbox/IsKernel/Perl/VirusScanner/Antivirus/Com/IsKernel/Apps/Antivirus/TestEnvironment/f2d1/f2d2/multi.exe was quarantined from system
Thu Jan  3 05:46:22 2013 /home/bogdan/Dropbox/IsKernel/Perl/VirusScanner/Antivirus/Com/IsKernel/Apps/Antivirus/Quarantine/qlog.txt was restored successfully
===Session ended at Thu Jan  3 05:46:39 2013===
===Session started at Thu Jan  3 05:51:26 2013===
Thu Jan  3 05:51:30 2013 /home/bogdan/Dropbox/IsKernel/Perl/VirusScanner/Antivirus/Com/IsKernel/Apps/Antivirus/Quarantine/qlog.txt was restored successfully
===Session ended at Thu Jan  3 05:51:45 2013===
===Session started at Thu Jan  3 05:54:31 2013===
Thu Jan  3 05:54:38 2013 /home/bogdan/Dropbox/IsKernel/Perl/VirusScanner/Antivirus/Com/IsKernel/Apps/Antivirus/Quarantine/qlog.txt was restored successfully
===Session ended at Thu Jan  3 05:54:58 2013===
===Session started at Thu Jan  3 05:56:08 2013===
Thu Jan  3 05:56:13 2013 /home/bogdan/Dropbox/IsKernel/Perl/VirusScanner/Antivirus/Com/IsKernel/Apps/Antivirus/Quarantine/qlog.txt was restored successfully
===Session ended at Thu Jan  3 05:56:30 2013===
===Session started at Thu Jan  3 05:59:12 2013===
Thu Jan  3 05:59:16 2013 /home/bogdan/Dropbox/IsKernel/Perl/VirusScanner/Antivirus/Com/IsKernel/Apps/Antivirus/TestEnvironment/f2d1/f2d2/trivial.exe was restored successfully
Thu Jan  3 05:59:24 2013 /home/bogdan/Dropbox/IsKernel/Perl/VirusScanner/Antivirus/Com/IsKernel/Apps/Antivirus/TestEnvironment/f2d1/f2d2/multi.exe was restored successfully
===Session ended at Thu Jan  3 05:59:31 2013===
===Session started at Thu Jan  3 06:00:03 2013===
Thu Jan  3 06:00:08 2013 /home/bogdan/Dropbox/IsKernel/Perl/VirusScanner/Antivirus/Com/IsKernel/Apps/Antivirus/TestEnvironment/f1d1/badguy.txt was quarantined from system
Thu Jan  3 06:00:08 2013 /home/bogdan/Dropbox/IsKernel/Perl/VirusScanner/Antivirus/Com/IsKernel/Apps/Antivirus/TestEnvironment/f1d1/f1d2/russianmirror.exe was quarantined from system
Thu Jan  3 06:00:09 2013 /home/bogdan/Dropbox/IsKernel/Perl/VirusScanner/Antivirus/Com/IsKernel/Apps/Antivirus/TestEnvironment/f1d1/f1d2/f1d3/simplex.txt was quarantined from system
Thu Jan  3 06:00:10 2013 /home/bogdan/Dropbox/IsKernel/Perl/VirusScanner/Antivirus/Com/IsKernel/Apps/Antivirus/TestEnvironment/f1d1/f1d2/f1d3/f1d4/abraxas.exe was quarantined from system
Thu Jan  3 06:00:11 2013 /home/bogdan/Dropbox/IsKernel/Perl/VirusScanner/Antivirus/Com/IsKernel/Apps/Antivirus/TestEnvironment/f2d1/f2d2/trivial.exe was quarantined from system
Thu Jan  3 06:00:12 2013 /home/bogdan/Dropbox/IsKernel/Perl/VirusScanner/Antivirus/Com/IsKernel/Apps/Antivirus/TestEnvironment/f2d1/f2d2/multi.exe was quarantined from system
Thu Jan  3 06:00:51 2013 /home/bogdan/Dropbox/IsKernel/Perl/VirusScanner/Antivirus/Com/IsKernel/Apps/Antivirus/TestEnvironment/f1d1/badguy.txt was restored successfully
Thu Jan  3 06:00:55 2013 /home/bogdan/Dropbox/IsKernel/Perl/VirusScanner/Antivirus/Com/IsKernel/Apps/Antivirus/TestEnvironment/f1d1/f1d2/russianmirror.exe was restored successfully
Thu Jan  3 06:00:59 2013 /home/bogdan/Dropbox/IsKernel/Perl/VirusScanner/Antivirus/Com/IsKernel/Apps/Antivirus/TestEnvironment/f2d1/f2d2/multi.exe was restored successfully
Thu Jan  3 06:01:04 2013 /home/bogdan/Dropbox/IsKernel/Perl/VirusScanner/Antivirus/Com/IsKernel/Apps/Antivirus/TestEnvironment/f1d1/f1d2/f1d3/simplex.txt was restored successfully
Thu Jan  3 06:01:09 2013 /home/bogdan/Dropbox/IsKernel/Perl/VirusScanner/Antivirus/Com/IsKernel/Apps/Antivirus/TestEnvironment/f1d1/f1d2/f1d3/f1d4/abraxas.exe was restored successfully
Thu Jan  3 06:01:12 2013 /home/bogdan/Dropbox/IsKernel/Perl/VirusScanner/Antivirus/Com/IsKernel/Apps/Antivirus/TestEnvironment/f2d1/f2d2/trivial.exe was restored successfully
Thu Jan  3 06:01:29 2013 /home/bogdan/Dropbox/IsKernel/Perl/VirusScanner/Antivirus/Com/IsKernel/Apps/Antivirus/TestEnvironment/f1d1/badguy.txt was quarantined from system
Thu Jan  3 06:01:30 2013 /home/bogdan/Dropbox/IsKernel/Perl/VirusScanner/Antivirus/Com/IsKernel/Apps/Antivirus/TestEnvironment/f1d1/f1d2/russianmirror.exe was quarantined from system
Thu Jan  3 06:01:31 2013 /home/bogdan/Dropbox/IsKernel/Perl/VirusScanner/Antivirus/Com/IsKernel/Apps/Antivirus/TestEnvironment/f1d1/f1d2/f1d3/simplex.txt was quarantined from system
Thu Jan  3 06:01:32 2013 /home/bogdan/Dropbox/IsKernel/Perl/VirusScanner/Antivirus/Com/IsKernel/Apps/Antivirus/TestEnvironment/f1d1/f1d2/f1d3/f1d4/abraxas.exe was quarantined from system
Thu Jan  3 06:01:33 2013 /home/bogdan/Dropbox/IsKernel/Perl/VirusScanner/Antivirus/Com/IsKernel/Apps/Antivirus/TestEnvironment/f2d1/f2d2/trivial.exe was quarantined from system
Thu Jan  3 06:01:34 2013 /home/bogdan/Dropbox/IsKernel/Perl/VirusScanner/Antivirus/Com/IsKernel/Apps/Antivirus/TestEnvironment/f2d1/f2d2/multi.exe was quarantined from system
===Session ended at Thu Jan  3 06:01:44 2013===
===Session started at Thu Jan  3 06:10:20 2013===
===Session started at Thu Jan  3 19:48:11 2013===
===Session ended at Thu Jan  3 19:48:48 2013===
===Session started at Thu Jan  3 19:50:13 2013===
===Session ended at Thu Jan  3 19:52:06 2013===
===Session started at Thu Jan  3 19:52:45 2013===
===Session ended at Thu Jan  3 19:53:00 2013===
===Session started at Thu Jan  3 20:01:34 2013===
===Session ended at Thu Jan  3 20:02:05 2013===
===Session started at Thu Jan  3 20:15:58 2013===
Thu Jan  3 20:16:11 2013 /home/bogdan/Dropbox/IsKernel/Perl/VirusScanner/Antivirus/Com/IsKernel/Apps/Antivirus/TestEnvironment/f1d1/badguy.txt was quarantined from system
Thu Jan  3 20:16:12 2013 /home/bogdan/Dropbox/IsKernel/Perl/VirusScanner/Antivirus/Com/IsKernel/Apps/Antivirus/TestEnvironment/f1d1/f1d2/russianmirror.exe was quarantined from system
Thu Jan  3 20:16:14 2013 /home/bogdan/Dropbox/IsKernel/Perl/VirusScanner/Antivirus/Com/IsKernel/Apps/Antivirus/TestEnvironment/f1d1/f1d2/f1d3/simplex.txt was quarantined from system
Thu Jan  3 20:16:15 2013 /home/bogdan/Dropbox/IsKernel/Perl/VirusScanner/Antivirus/Com/IsKernel/Apps/Antivirus/TestEnvironment/f1d1/f1d2/f1d3/f1d4/abraxas.exe was quarantined from system
Thu Jan  3 20:16:16 2013 /home/bogdan/Dropbox/IsKernel/Perl/VirusScanner/Antivirus/Com/IsKernel/Apps/Antivirus/TestEnvironment/f2d1/f2d2/trivial.exe was quarantined from system
Thu Jan  3 20:16:35 2013 /home/bogdan/Dropbox/IsKernel/Perl/VirusScanner/Antivirus/Com/IsKernel/Apps/Antivirus/TestEnvironment/f2d1/f2d2/multi.exe was quarantined from system
===Session ended at Thu Jan  3 20:26:40 2013===
===Session started at Thu Jan  3 20:27:52 2013===
===Session ended at Thu Jan  3 20:27:54 2013===
===Session started at Thu Jan  3 20:30:17 2013===
===Session ended at Thu Jan  3 20:30:22 2013===
===Session started at Thu Jan  3 20:31:11 2013===
===Session started at Thu Jan  3 20:31:35 2013===
===Session started at Thu Jan  3 20:31:55 2013===
Thu Jan  3 20:34:05 2013 /home/bogdan/Dropbox/IsKernel/Perl/VirusScanner/Antivirus/Com/IsKernel/Apps/Antivirus/TestEnvironment/f1d1/badguy.txt was quarantined from system
Thu Jan  3 20:34:13 2013 /home/bogdan/Dropbox/IsKernel/Perl/VirusScanner/Antivirus/Com/IsKernel/Apps/Antivirus/TestEnvironment/f1d1/f1d2/russianmirror.exe was quarantined from system
Thu Jan  3 20:34:14 2013 /home/bogdan/Dropbox/IsKernel/Perl/VirusScanner/Antivirus/Com/IsKernel/Apps/Antivirus/TestEnvironment/f1d1/f1d2/f1d3/simplex.txt was quarantined from system
Thu Jan  3 20:34:16 2013 /home/bogdan/Dropbox/IsKernel/Perl/VirusScanner/Antivirus/Com/IsKernel/Apps/Antivirus/TestEnvironment/f1d1/f1d2/f1d3/f1d4/abraxas.exe was quarantined from system
Thu Jan  3 20:34:18 2013 /home/bogdan/Dropbox/IsKernel/Perl/VirusScanner/Antivirus/Com/IsKernel/Apps/Antivirus/TestEnvironment/f2d1/f2d2/trivial.exe was disinfected successfully
Thu Jan  3 20:34:19 2013 /home/bogdan/Dropbox/IsKernel/Perl/VirusScanner/Antivirus/Com/IsKernel/Apps/Antivirus/TestEnvironment/f2d1/f2d2/multi.exe was disinfected successfully
Thu Jan  3 20:35:22 2013 /home/bogdan/Dropbox/IsKernel/Perl/VirusScanner/Antivirus/Com/IsKernel/Apps/Antivirus/TestEnvironment/f2d1/f2d2/trivial.exe was disinfected successfully
Thu Jan  3 20:35:24 2013 /home/bogdan/Dropbox/IsKernel/Perl/VirusScanner/Antivirus/Com/IsKernel/Apps/Antivirus/TestEnvironment/f2d1/f2d2/multi.exe was disinfected successfully
Thu Jan  3 20:35:37 2013 /home/bogdan/Dropbox/IsKernel/Perl/VirusScanner/Antivirus/Com/IsKernel/Apps/Antivirus/TestEnvironment/f2d1/f2d2/trivial.exe was disinfected successfully
Thu Jan  3 20:35:39 2013 /home/bogdan/Dropbox/IsKernel/Perl/VirusScanner/Antivirus/Com/IsKernel/Apps/Antivirus/TestEnvironment/f2d1/f2d2/multi.exe was disinfected successfully
Thu Jan  3 20:36:11 2013 /home/bogdan/Dropbox/IsKernel/Perl/VirusScanner/Antivirus/Com/IsKernel/Apps/Antivirus/TestEnvironment/f2d1/f2d2/trivial.exe was disinfected successfully
Thu Jan  3 20:36:15 2013 /home/bogdan/Dropbox/IsKernel/Perl/VirusScanner/Antivirus/Com/IsKernel/Apps/Antivirus/TestEnvironment/f2d1/f2d2/multi.exe was disinfected successfully
===Session ended at Thu Jan  3 20:36:22 2013===
===Session started at Thu Jan  3 20:37:48 2013===
Thu Jan  3 20:37:56 2013 /home/bogdan/Dropbox/IsKernel/Perl/VirusScanner/Antivirus/Com/IsKernel/Apps/Antivirus/TestEnvironment/f2d1/f2d2/trivial.exe was disinfected successfully
Thu Jan  3 20:37:58 2013 /home/bogdan/Dropbox/IsKernel/Perl/VirusScanner/Antivirus/Com/IsKernel/Apps/Antivirus/TestEnvironment/f2d1/f2d2/multi.exe was disinfected successfully
Thu Jan  3 20:38:03 2013 /home/bogdan/Dropbox/IsKernel/Perl/VirusScanner/Antivirus/Com/IsKernel/Apps/Antivirus/TestEnvironment/f2d1/f2d2/trivial.exe was disinfected successfully
Thu Jan  3 20:38:06 2013 /home/bogdan/Dropbox/IsKernel/Perl/VirusScanner/Antivirus/Com/IsKernel/Apps/Antivirus/TestEnvironment/f2d1/f2d2/multi.exe was disinfected successfully
===Session ended at Thu Jan  3 20:38:11 2013===
===Session started at Thu Jan  3 20:39:28 2013===
Thu Jan  3 20:39:37 2013 /home/bogdan/Dropbox/IsKernel/Perl/VirusScanner/Antivirus/Com/IsKernel/Apps/Antivirus/TestEnvironment/f2d1/f2d2/trivial.exe was disinfected successfully
Thu Jan  3 20:39:46 2013 /home/bogdan/Dropbox/IsKernel/Perl/VirusScanner/Antivirus/Com/IsKernel/Apps/Antivirus/TestEnvironment/f2d1/f2d2/multi.exe was disinfected successfully
===Session ended at Thu Jan  3 20:39:58 2013===
===Session started at Thu Jan  3 20:40:42 2013===
Thu Jan  3 20:40:49 2013 /home/bogdan/Dropbox/IsKernel/Perl/VirusScanner/Antivirus/Com/IsKernel/Apps/Antivirus/TestEnvironment/f2d1/f2d2/trivial.exe was disinfected successfully
Thu Jan  3 20:40:58 2013 /home/bogdan/Dropbox/IsKernel/Perl/VirusScanner/Antivirus/Com/IsKernel/Apps/Antivirus/TestEnvironment/f2d1/f2d2/multi.exe was disinfected successfully
===Session ended at Thu Jan  3 20:41:08 2013===
===Session started at Thu Jan  3 20:42:06 2013===
Thu Jan  3 20:42:12 2013 /home/bogdan/Dropbox/IsKernel/Perl/VirusScanner/Antivirus/Com/IsKernel/Apps/Antivirus/TestEnvironment/f2d1/f2d2/trivial.exe was disinfected successfully
Thu Jan  3 20:42:21 2013 /home/bogdan/Dropbox/IsKernel/Perl/VirusScanner/Antivirus/Com/IsKernel/Apps/Antivirus/TestEnvironment/f2d1/f2d2/multi.exe was disinfected successfully
===Session ended at Thu Jan  3 20:42:28 2013===
===Session started at Thu Jan  3 20:43:24 2013===
Thu Jan  3 20:43:35 2013 /home/bogdan/Dropbox/IsKernel/Perl/VirusScanner/Antivirus/Com/IsKernel/Apps/Antivirus/TestEnvironment/f2d1/f2d2/trivial.exe was disinfected successfully
Thu Jan  3 20:43:44 2013 /home/bogdan/Dropbox/IsKernel/Perl/VirusScanner/Antivirus/Com/IsKernel/Apps/Antivirus/TestEnvironment/f2d1/f2d2/multi.exe was disinfected successfully
===Session ended at Thu Jan  3 20:43:56 2013===
===Session started at Thu Jan  3 20:44:44 2013===
Thu Jan  3 20:44:57 2013 /home/bogdan/Dropbox/IsKernel/Perl/VirusScanner/Antivirus/Com/IsKernel/Apps/Antivirus/TestEnvironment/f2d1/f2d2/trivial.exe was disinfected successfully
Thu Jan  3 20:45:01 2013 /home/bogdan/Dropbox/IsKernel/Perl/VirusScanner/Antivirus/Com/IsKernel/Apps/Antivirus/TestEnvironment/f2d1/f2d2/multi.exe was disinfected successfully
===Session ended at Thu Jan  3 20:45:09 2013===
===Session started at Thu Jan  3 20:45:52 2013===
Thu Jan  3 20:46:05 2013 /home/bogdan/Dropbox/IsKernel/Perl/VirusScanner/Antivirus/Com/IsKernel/Apps/Antivirus/TestEnvironment/f1d1/badguy.txt was restored successfully
Thu Jan  3 20:46:16 2013 /home/bogdan/Dropbox/IsKernel/Perl/VirusScanner/Antivirus/Com/IsKernel/Apps/Antivirus/TestEnvironment/f1d1/f1d2/f1d3/f1d4/abraxas.exe was restored successfully
Thu Jan  3 20:46:21 2013 /home/bogdan/Dropbox/IsKernel/Perl/VirusScanner/Antivirus/Com/IsKernel/Apps/Antivirus/TestEnvironment/f1d1/badguy.txt was disinfected successfully
Thu Jan  3 20:46:24 2013 /home/bogdan/Dropbox/IsKernel/Perl/VirusScanner/Antivirus/Com/IsKernel/Apps/Antivirus/TestEnvironment/f1d1/f1d2/f1d3/f1d4/abraxas.exe was deleted from system
Thu Jan  3 20:46:37 2013 /home/bogdan/Dropbox/IsKernel/Perl/VirusScanner/Antivirus/Com/IsKernel/Apps/Antivirus/TestEnvironment/f1d1/f1d2/russianmirror.exe was restored successfully
Thu Jan  3 20:46:40 2013 /home/bogdan/Dropbox/IsKernel/Perl/VirusScanner/Antivirus/Com/IsKernel/Apps/Antivirus/TestEnvironment/f1d1/f1d2/f1d3/simplex.txt was restored successfully
Thu Jan  3 20:46:50 2013 /home/bogdan/Dropbox/IsKernel/Perl/VirusScanner/Antivirus/Com/IsKernel/Apps/Antivirus/TestEnvironment/f1d1/f1d2/russianmirror.exe was quarantined from system
Thu Jan  3 20:46:51 2013 /home/bogdan/Dropbox/IsKernel/Perl/VirusScanner/Antivirus/Com/IsKernel/Apps/Antivirus/TestEnvironment/f1d1/f1d2/f1d3/simplex.txt was quarantined from system
Thu Jan  3 20:47:13 2013 /home/bogdan/Dropbox/IsKernel/Perl/VirusScanner/Antivirus/Com/IsKernel/Apps/Antivirus/TestEnvironment/f1d1/f1d2/russianmirror.exe was restored successfully
Thu Jan  3 20:47:16 2013 /home/bogdan/Dropbox/IsKernel/Perl/VirusScanner/Antivirus/Com/IsKernel/Apps/Antivirus/TestEnvironment/f1d1/f1d2/f1d3/simplex.txt was restored successfully
Thu Jan  3 20:47:21 2013 /home/bogdan/Dropbox/IsKernel/Perl/VirusScanner/Antivirus/Com/IsKernel/Apps/Antivirus/TestEnvironment/f1d1/f1d2/russianmirror.exe was deleted from system
Thu Jan  3 20:47:21 2013 /home/bogdan/Dropbox/IsKernel/Perl/VirusScanner/Antivirus/Com/IsKernel/Apps/Antivirus/TestEnvironment/f1d1/f1d2/f1d3/simplex.txt was deleted from system
===Session ended at Thu Jan  3 20:47:29 2013===
===Session started at Thu Jan  3 20:50:02 2013===
===Session ended at Thu Jan  3 20:50:05 2013===
===Session started at Thu Jan  3 20:50:21 2013===
Thu Jan  3 20:52:14 2013 /home/bogdan/Dropbox/IsKernel/Perl/VirusScanner/Antivirus/Com/IsKernel/Apps/Antivirus/TestEnvironment/f1d1/badguy.txt was disinfected successfully
Thu Jan  3 20:52:15 2013 /home/bogdan/Dropbox/IsKernel/Perl/VirusScanner/Antivirus/Com/IsKernel/Apps/Antivirus/TestEnvironment/f1d1/f1d2/russianmirror.exe was disinfected successfully
Thu Jan  3 20:52:15 2013 /home/bogdan/Dropbox/IsKernel/Perl/VirusScanner/Antivirus/Com/IsKernel/Apps/Antivirus/TestEnvironment/f1d1/f1d2/f1d3/simplex.txt was disinfected successfully
Thu Jan  3 20:52:16 2013 /home/bogdan/Dropbox/IsKernel/Perl/VirusScanner/Antivirus/Com/IsKernel/Apps/Antivirus/TestEnvironment/f1d1/f1d2/f1d3/f1d4/abraxas.exe was disinfected successfully
Thu Jan  3 20:52:17 2013 /home/bogdan/Dropbox/IsKernel/Perl/VirusScanner/Antivirus/Com/IsKernel/Apps/Antivirus/TestEnvironment/f2d1/f2d2/trivial.exe was disinfected successfully
Thu Jan  3 20:52:18 2013 /home/bogdan/Dropbox/IsKernel/Perl/VirusScanner/Antivirus/Com/IsKernel/Apps/Antivirus/TestEnvironment/f2d1/f2d2/multi.exe was disinfected successfully
===Session ended at Thu Jan  3 20:53:07 2013===
===Session started at Thu Jan  3 20:54:37 2013===
===Session ended at Thu Jan  3 20:54:45 2013===
===Session started at Sun May 11 01:28:03 2014===
===Session started at Sun May 11 01:28:14 2014===
===Session started at Sun May 11 01:28:47 2014===
===Session started at Sun May 11 01:35:06 2014===
===Session started at Sun May 11 01:35:43 2014===
===Session started at Sun May 11 01:37:00 2014===
===Session started at Sun May 11 01:48:20 2014===
===Session started at Sun May 11 01:48:36 2014===
===Session started at Sun May 11 01:48:55 2014===
===Session started at Sun May 11 01:49:34 2014===
===Session started at Sun May 11 01:50:07 2014===
===Session started at Sun May 11 01:50:39 2014===
===Session started at Sun May 11 01:51:04 2014===
